==172156== Callgrind, a call-graph generating cache profiler
==172156== Copyright (C) 2002-2015, and GNU GPL'd, by Josef Weidendorfer et al.
==172156== Using Valgrind-3.12.0.SVN and LibVEX; rerun with -h for copyright info
==172156== Command: /home/cunning/exec/bin/MdvtoGrib2 -params /home/cunning/git/MDV_64bit/research/cip/params/MdvtoGrib2.cip_hrrr -file /d1/cunning/data/64-bit_mdv/cip/mdv/cip_hrrr_ice_cat/20201117/20201117_171500.mdv.cf.nc
==172156== Parent PID: 133076
==172156== 
==172156== For interactive control, run 'callgrind_control -h'.
==172156== brk segment overflow in thread #1: can't grow to 0x4b57000
==172156== (see section Limitations in user manual)
==172156== brk segment overflow in thread #1: can't grow to 0x4d88000
==172156== (see section Limitations in user manual)
==172156== brk segment overflow in thread #1: can't grow to 0x4ca5000
==172156== (see section Limitations in user manual)
==172156== brk segment overflow in thread #1: can't grow to 0x4d75000
==172156== (see section Limitations in user manual)
==172156== brk segment overflow in thread #1: can't grow to 0x4dc6000
==172156== (see section Limitations in user manual)
==172156== brk segment overflow in thread #1: can't grow to 0x4dcc000
==172156== (see section Limitations in user manual)
==172156== brk segment overflow in thread #1: can't grow to 0x4dcc000
==172156== (see section Limitations in user manual)
==172156== brk segment overflow in thread #1: can't grow to 0x4dcb000
==172156== (see section Limitations in user manual)
==172156== brk segment overflow in thread #1: can't grow to 0x514b000
==172156== (see section Limitations in user manual)
==172156== brk segment overflow in thread #1: can't grow to 0x514b000
==172156== (see section Limitations in user manual)
==172156== brk segment overflow in thread #1: can't grow to 0x514b000
==172156== (see section Limitations in user manual)
==172156== brk segment overflow in thread #1: can't grow to 0x514b000
==172156== (see section Limitations in user manual)
==172156== brk segment overflow in thread #1: can't grow to 0x514b000
==172156== (see section Limitations in user manual)
==172156== brk segment overflow in thread #1: can't grow to 0x514b000
==172156== (see section Limitations in user manual)
==172156== brk segment overflow in thread #1: can't grow to 0x514b000
==172156== (see section Limitations in user manual)
==172156== brk segment overflow in thread #1: can't grow to 0x514b000
==172156== (see section Limitations in user manual)
==172156== brk segment overflow in thread #1: can't grow to 0x514b000
==172156== (see section Limitations in user manual)
==172156== brk segment overflow in thread #1: can't grow to 0x4d1e000
==172156== (see section Limitations in user manual)
==172156== brk segment overflow in thread #1: can't grow to 0x514b000
==172156== (see section Limitations in user manual)
==172156== brk segment overflow in thread #1: can't grow to 0x4d1e000
==172156== (see section Limitations in user manual)
==172156== brk segment overflow in thread #1: can't grow to 0x514b000
==172156== (see section Limitations in user manual)
==172156== brk segment overflow in thread #1: can't grow to 0x4d1e000
==172156== (see section Limitations in user manual)
==172156== brk segment overflow in thread #1: can't grow to 0x514b000
==172156== (see section Limitations in user manual)
==172156== brk segment overflow in thread #1: can't grow to 0x4d1e000
==172156== (see section Limitations in user manual)
==172156== brk segment overflow in thread #1: can't grow to 0x514b000
==172156== (see section Limitations in user manual)
==172156== brk segment overflow in thread #1: can't grow to 0x4d1e000
==172156== (see section Limitations in user manual)
==172156== brk segment overflow in thread #1: can't grow to 0x514b000
==172156== (see section Limitations in user manual)
==172156== brk segment overflow in thread #1: can't grow to 0x4d1e000
==172156== (see section Limitations in user manual)
==172156== brk segment overflow in thread #1: can't grow to 0x514b000
==172156== (see section Limitations in user manual)
==172156== brk segment overflow in thread #1: can't grow to 0x4d1e000
==172156== (see section Limitations in user manual)
==172156== brk segment overflow in thread #1: can't grow to 0x514b000
==172156== (see section Limitations in user manual)
==172156== brk segment overflow in thread #1: can't grow to 0x4d1e000
==172156== (see section Limitations in user manual)
==172156== brk segment overflow in thread #1: can't grow to 0x514b000
==172156== (see section Limitations in user manual)
==172156== brk segment overflow in thread #1: can't grow to 0x4d1e000
==172156== (see section Limitations in user manual)
==172156== brk segment overflow in thread #1: can't grow to 0x514b000
==172156== (see section Limitations in user manual)
==172156== brk segment overflow in thread #1: can't grow to 0x4d1e000
==172156== (see section Limitations in user manual)
==172156== brk segment overflow in thread #1: can't grow to 0x514b000
==172156== (see section Limitations in user manual)
==172156== brk segment overflow in thread #1: can't grow to 0x4d1e000
==172156== (see section Limitations in user manual)
==172156== brk segment overflow in thread #1: can't grow to 0x514b000
==172156== (see section Limitations in user manual)
==172156== brk segment overflow in thread #1: can't grow to 0x4d1e000
==172156== (see section Limitations in user manual)
==172156== brk segment overflow in thread #1: can't grow to 0x514b000
==172156== (see section Limitations in user manual)
==172156== brk segment overflow in thread #1: can't grow to 0x4d1e000
==172156== (see section Limitations in user manual)
==172156== brk segment overflow in thread #1: can't grow to 0x514b000
==172156== (see section Limitations in user manual)
==172156== brk segment overflow in thread #1: can't grow to 0x4d1e000
==172156== (see section Limitations in user manual)
==172156== brk segment overflow in thread #1: can't grow to 0x514b000
==172156== (see section Limitations in user manual)
==172156== brk segment overflow in thread #1: can't grow to 0x4d1e000
==172156== (see section Limitations in user manual)
==172156== brk segment overflow in thread #1: can't grow to 0x514b000
==172156== (see section Limitations in user manual)
==172156== brk segment overflow in thread #1: can't grow to 0x4d1e000
==172156== (see section Limitations in user manual)
==172156== brk segment overflow in thread #1: can't grow to 0x514b000
==172156== (see section Limitations in user manual)
==172156== brk segment overflow in thread #1: can't grow to 0x4d1e000
==172156== (see section Limitations in user manual)
==172156== brk segment overflow in thread #1: can't grow to 0x514b000
==172156== (see section Limitations in user manual)
==172156== brk segment overflow in thread #1: can't grow to 0x4d1e000
==172156== (see section Limitations in user manual)
==172156== brk segment overflow in thread #1: can't grow to 0x514b000
==172156== (see section Limitations in user manual)
==172156== brk segment overflow in thread #1: can't grow to 0x4d1e000
==172156== (see section Limitations in user manual)
==172156== brk segment overflow in thread #1: can't grow to 0x514b000
==172156== (see section Limitations in user manual)
==172156== brk segment overflow in thread #1: can't grow to 0x4d1e000
==172156== (see section Limitations in user manual)
==172156== brk segment overflow in thread #1: can't grow to 0x514b000
==172156== (see section Limitations in user manual)
==172156== brk segment overflow in thread #1: can't grow to 0x4d1e000
==172156== (see section Limitations in user manual)
==172156== brk segment overflow in thread #1: can't grow to 0x514b000
==172156== (see section Limitations in user manual)
==172156== brk segment overflow in thread #1: can't grow to 0x4d1e000
==172156== (see section Limitations in user manual)
==172156== brk segment overflow in thread #1: can't grow to 0x514b000
==172156== (see section Limitations in user manual)
==172156== brk segment overflow in thread #1: can't grow to 0x4d1e000
==172156== (see section Limitations in user manual)
==172156== brk segment overflow in thread #1: can't grow to 0x514b000
==172156== (see section Limitations in user manual)
==172156== brk segment overflow in thread #1: can't grow to 0x4d1e000
==172156== (see section Limitations in user manual)
==172156== brk segment overflow in thread #1: can't grow to 0x514b000
==172156== (see section Limitations in user manual)
==172156== brk segment overflow in thread #1: can't grow to 0x4d1e000
==172156== (see section Limitations in user manual)
==172156== brk segment overflow in thread #1: can't grow to 0x514b000
==172156== (see section Limitations in user manual)
==172156== brk segment overflow in thread #1: can't grow to 0x4d1e000
==172156== (see section Limitations in user manual)
==172156== brk segment overflow in thread #1: can't grow to 0x514b000
==172156== (see section Limitations in user manual)
==172156== brk segment overflow in thread #1: can't grow to 0x4d1e000
==172156== (see section Limitations in user manual)
==172156== brk segment overflow in thread #1: can't grow to 0x514b000
==172156== (see section Limitations in user manual)
==172156== brk segment overflow in thread #1: can't grow to 0x4d1e000
==172156== (see section Limitations in user manual)
==172156== brk segment overflow in thread #1: can't grow to 0x514b000
==172156== (see section Limitations in user manual)
==172156== brk segment overflow in thread #1: can't grow to 0x4d1e000
==172156== (see section Limitations in user manual)
==172156== brk segment overflow in thread #1: can't grow to 0x514b000
==172156== (see section Limitations in user manual)
==172156== brk segment overflow in thread #1: can't grow to 0x4d1e000
==172156== (see section Limitations in user manual)
==172156== brk segment overflow in thread #1: can't grow to 0x514b000
==172156== (see section Limitations in user manual)
==172156== brk segment overflow in thread #1: can't grow to 0x4d1e000
==172156== (see section Limitations in user manual)
==172156== brk segment overflow in thread #1: can't grow to 0x514b000
==172156== (see section Limitations in user manual)
==172156== brk segment overflow in thread #1: can't grow to 0x4d1e000
==172156== (see section Limitations in user manual)
==172156== brk segment overflow in thread #1: can't grow to 0x514b000
==172156== (see section Limitations in user manual)
==172156== brk segment overflow in thread #1: can't grow to 0x4d1e000
==172156== (see section Limitations in user manual)
==172156== brk segment overflow in thread #1: can't grow to 0x514b000
==172156== (see section Limitations in user manual)
==172156== brk segment overflow in thread #1: can't grow to 0x4d1e000
==172156== (see section Limitations in user manual)
==172156== brk segment overflow in thread #1: can't grow to 0x514b000
==172156== (see section Limitations in user manual)
==172156== brk segment overflow in thread #1: can't grow to 0x4d1e000
==172156== (see section Limitations in user manual)
==172156== brk segment overflow in thread #1: can't grow to 0x514b000
==172156== (see section Limitations in user manual)
==172156== brk segment overflow in thread #1: can't grow to 0x4d1e000
==172156== (see section Limitations in user manual)
==172156== brk segment overflow in thread #1: can't grow to 0x514b000
==172156== (see section Limitations in user manual)
==172156== brk segment overflow in thread #1: can't grow to 0x4d1e000
==172156== (see section Limitations in user manual)
==172156== brk segment overflow in thread #1: can't grow to 0x514b000
==172156== (see section Limitations in user manual)
==172156== brk segment overflow in thread #1: can't grow to 0x4d1e000
==172156== (see section Limitations in user manual)
==172156== brk segment overflow in thread #1: can't grow to 0x514b000
==172156== (see section Limitations in user manual)
==172156== brk segment overflow in thread #1: can't grow to 0x4d1e000
==172156== (see section Limitations in user manual)
==172156== brk segment overflow in thread #1: can't grow to 0x514b000
==172156== (see section Limitations in user manual)
==172156== brk segment overflow in thread #1: can't grow to 0x4d1e000
==172156== (see section Limitations in user manual)
==172156== brk segment overflow in thread #1: can't grow to 0x514b000
==172156== (see section Limitations in user manual)
==172156== brk segment overflow in thread #1: can't grow to 0x4d1e000
==172156== (see section Limitations in user manual)
==172156== brk segment overflow in thread #1: can't grow to 0x514b000
==172156== (see section Limitations in user manual)
==172156== brk segment overflow in thread #1: can't grow to 0x4d1e000
==172156== (see section Limitations in user manual)
==172156== brk segment overflow in thread #1: can't grow to 0x514b000
==172156== (see section Limitations in user manual)
==172156== brk segment overflow in thread #1: can't grow to 0x4d1e000
==172156== (see section Limitations in user manual)
==172156== brk segment overflow in thread #1: can't grow to 0x514b000
==172156== (see section Limitations in user manual)
==172156== brk segment overflow in thread #1: can't grow to 0x4d1e000
==172156== (see section Limitations in user manual)
==172156== brk segment overflow in thread #1: can't grow to 0x514b000
==172156== (see section Limitations in user manual)
==172156== brk segment overflow in thread #1: can't grow to 0x4d1e000
==172156== (see section Limitations in user manual)
==172156== brk segment overflow in thread #1: can't grow to 0x514b000
==172156== (see section Limitations in user manual)
==172156== brk segment overflow in thread #1: can't grow to 0x4d1e000
==172156== (see section Limitations in user manual)
==172156== brk segment overflow in thread #1: can't grow to 0x514b000
==172156== (see section Limitations in user manual)
==172156== brk segment overflow in thread #1: can't grow to 0x4d1e000
==172156== (see section Limitations in user manual)
==172156== brk segment overflow in thread #1: can't grow to 0x514b000
==172156== (see section Limitations in user manual)
==172156== brk segment overflow in thread #1: can't grow to 0x4d1e000
==172156== (see section Limitations in user manual)
==172156== brk segment overflow in thread #1: can't grow to 0x514b000
==172156== (see section Limitations in user manual)
==172156== brk segment overflow in thread #1: can't grow to 0x4d1e000
==172156== (see section Limitations in user manual)
==172156== brk segment overflow in thread #1: can't grow to 0x514b000
==172156== (see section Limitations in user manual)
==172156== brk segment overflow in thread #1: can't grow to 0x4d1e000
==172156== (see section Limitations in user manual)
==172156== brk segment overflow in thread #1: can't grow to 0x514b000
==172156== (see section Limitations in user manual)
==172156== brk segment overflow in thread #1: can't grow to 0x4d1e000
==172156== (see section Limitations in user manual)
==172156== brk segment overflow in thread #1: can't grow to 0x514b000
==172156== (see section Limitations in user manual)
==172156== brk segment overflow in thread #1: can't grow to 0x4d1e000
==172156== (see section Limitations in user manual)
==172156== brk segment overflow in thread #1: can't grow to 0x514b000
==172156== (see section Limitations in user manual)
==172156== brk segment overflow in thread #1: can't grow to 0x4d1e000
==172156== (see section Limitations in user manual)
==172156== brk segment overflow in thread #1: can't grow to 0x514b000
==172156== (see section Limitations in user manual)
==172156== brk segment overflow in thread #1: can't grow to 0x4d1e000
==172156== (see section Limitations in user manual)
==172156== brk segment overflow in thread #1: can't grow to 0x514b000
==172156== (see section Limitations in user manual)
==172156== brk segment overflow in thread #1: can't grow to 0x514b000
==172156== (see section Limitations in user manual)
==172156== brk segment overflow in thread #1: can't grow to 0x514b000
==172156== (see section Limitations in user manual)
==172156== brk segment overflow in thread #1: can't grow to 0x514b000
==172156== (see section Limitations in user manual)
==172156== brk segment overflow in thread #1: can't grow to 0x514b000
==172156== (see section Limitations in user manual)
==172156== brk segment overflow in thread #1: can't grow to 0x514b000
==172156== (see section Limitations in user manual)
==172156== brk segment overflow in thread #1: can't grow to 0x514b000
==172156== (see section Limitations in user manual)
==172156== brk segment overflow in thread #1: can't grow to 0x514b000
==172156== (see section Limitations in user manual)
==172156== brk segment overflow in thread #1: can't grow to 0x514b000
==172156== (see section Limitations in user manual)
==172156== brk segment overflow in thread #1: can't grow to 0x514b000
==172156== (see section Limitations in user manual)
==172156== brk segment overflow in thread #1: can't grow to 0x514b000
==172156== (see section Limitations in user manual)
==172156== brk segment overflow in thread #1: can't grow to 0x514b000
==172156== (see section Limitations in user manual)
==172156== brk segment overflow in thread #1: can't grow to 0x514b000
==172156== (see section Limitations in user manual)
==172156== brk segment overflow in thread #1: can't grow to 0x514b000
==172156== (see section Limitations in user manual)
==172156== brk segment overflow in thread #1: can't grow to 0x514b000
==172156== (see section Limitations in user manual)
==172156== brk segment overflow in thread #1: can't grow to 0x514b000
==172156== (see section Limitations in user manual)
==172156== brk segment overflow in thread #1: can't grow to 0x514b000
==172156== (see section Limitations in user manual)
==172156== brk segment overflow in thread #1: can't grow to 0x514b000
==172156== (see section Limitations in user manual)
==172156== brk segment overflow in thread #1: can't grow to 0x514b000
==172156== (see section Limitations in user manual)
==172156== brk segment overflow in thread #1: can't grow to 0x514b000
==172156== (see section Limitations in user manual)
==172156== brk segment overflow in thread #1: can't grow to 0x514b000
==172156== (see section Limitations in user manual)
==172156== brk segment overflow in thread #1: can't grow to 0x514b000
==172156== (see section Limitations in user manual)
==172156== brk segment overflow in thread #1: can't grow to 0x514b000
==172156== (see section Limitations in user manual)
==172156== brk segment overflow in thread #1: can't grow to 0x514b000
==172156== (see section Limitations in user manual)
==172156== brk segment overflow in thread #1: can't grow to 0x514b000
==172156== (see section Limitations in user manual)
==172156== brk segment overflow in thread #1: can't grow to 0x514b000
==172156== (see section Limitations in user manual)
==172156== brk segment overflow in thread #1: can't grow to 0x514b000
==172156== (see section Limitations in user manual)
==172156== brk segment overflow in thread #1: can't grow to 0x514b000
==172156== (see section Limitations in user manual)
==172156== brk segment overflow in thread #1: can't grow to 0x514b000
==172156== (see section Limitations in user manual)
==172156== brk segment overflow in thread #1: can't grow to 0x514b000
==172156== (see section Limitations in user manual)
==172156== brk segment overflow in thread #1: can't grow to 0x514b000
==172156== (see section Limitations in user manual)
==172156== brk segment overflow in thread #1: can't grow to 0x514b000
==172156== (see section Limitations in user manual)
==172156== brk segment overflow in thread #1: can't grow to 0x514b000
==172156== (see section Limitations in user manual)
==172156== brk segment overflow in thread #1: can't grow to 0x514b000
==172156== (see section Limitations in user manual)
==172156== brk segment overflow in thread #1: can't grow to 0x514b000
==172156== (see section Limitations in user manual)
==172156== brk segment overflow in thread #1: can't grow to 0x514b000
==172156== (see section Limitations in user manual)
==172156== brk segment overflow in thread #1: can't grow to 0x514b000
==172156== (see section Limitations in user manual)
==172156== brk segment overflow in thread #1: can't grow to 0x514b000
==172156== (see section Limitations in user manual)
==172156== brk segment overflow in thread #1: can't grow to 0x514b000
==172156== (see section Limitations in user manual)
==172156== brk segment overflow in thread #1: can't grow to 0x514b000
==172156== (see section Limitations in user manual)
==172156== brk segment overflow in thread #1: can't grow to 0x514b000
==172156== (see section Limitations in user manual)
==172156== brk segment overflow in thread #1: can't grow to 0x514b000
==172156== (see section Limitations in user manual)
==172156== brk segment overflow in thread #1: can't grow to 0x514b000
==172156== (see section Limitations in user manual)
==172156== brk segment overflow in thread #1: can't grow to 0x514b000
==172156== (see section Limitations in user manual)
==172156== brk segment overflow in thread #1: can't grow to 0x514b000
==172156== (see section Limitations in user manual)
==172156== brk segment overflow in thread #1: can't grow to 0x514b000
==172156== (see section Limitations in user manual)
==172156== brk segment overflow in thread #1: can't grow to 0x514b000
==172156== (see section Limitations in user manual)
==172156== brk segment overflow in thread #1: can't grow to 0x514b000
==172156== (see section Limitations in user manual)
==172156== brk segment overflow in thread #1: can't grow to 0x514b000
==172156== (see section Limitations in user manual)
==172156== brk segment overflow in thread #1: can't grow to 0x514b000
==172156== (see section Limitations in user manual)
==172156== brk segment overflow in thread #1: can't grow to 0x514b000
==172156== (see section Limitations in user manual)
==172156== brk segment overflow in thread #1: can't grow to 0x514b000
==172156== (see section Limitations in user manual)
==172156== brk segment overflow in thread #1: can't grow to 0x514b000
==172156== (see section Limitations in user manual)
==172156== brk segment overflow in thread #1: can't grow to 0x514b000
==172156== (see section Limitations in user manual)
==172156== brk segment overflow in thread #1: can't grow to 0x514b000
==172156== (see section Limitations in user manual)
==172156== brk segment overflow in thread #1: can't grow to 0x514b000
==172156== (see section Limitations in user manual)
==172156== brk segment overflow in thread #1: can't grow to 0x514b000
==172156== (see section Limitations in user manual)
==172156== brk segment overflow in thread #1: can't grow to 0x514b000
==172156== (see section Limitations in user manual)
==172156== brk segment overflow in thread #1: can't grow to 0x514b000
==172156== (see section Limitations in user manual)
==172156== brk segment overflow in thread #1: can't grow to 0x514b000
==172156== (see section Limitations in user manual)
==172156== brk segment overflow in thread #1: can't grow to 0x514b000
==172156== (see section Limitations in user manual)
==172156== brk segment overflow in thread #1: can't grow to 0x514b000
==172156== (see section Limitations in user manual)
==172156== brk segment overflow in thread #1: can't grow to 0x514b000
==172156== (see section Limitations in user manual)
==172156== brk segment overflow in thread #1: can't grow to 0x514b000
==172156== (see section Limitations in user manual)
==172156== brk segment overflow in thread #1: can't grow to 0x514b000
==172156== (see section Limitations in user manual)
==172156== brk segment overflow in thread #1: can't grow to 0x514b000
==172156== (see section Limitations in user manual)
==172156== brk segment overflow in thread #1: can't grow to 0x514b000
==172156== (see section Limitations in user manual)
==172156== brk segment overflow in thread #1: can't grow to 0x514b000
==172156== (see section Limitations in user manual)
==172156== brk segment overflow in thread #1: can't grow to 0x514b000
==172156== (see section Limitations in user manual)
==172156== brk segment overflow in thread #1: can't grow to 0x514b000
==172156== (see section Limitations in user manual)
==172156== brk segment overflow in thread #1: can't grow to 0x514b000
==172156== (see section Limitations in user manual)
==172156== brk segment overflow in thread #1: can't grow to 0x514b000
==172156== (see section Limitations in user manual)
==172156== brk segment overflow in thread #1: can't grow to 0x514b000
==172156== (see section Limitations in user manual)
==172156== brk segment overflow in thread #1: can't grow to 0x514b000
==172156== (see section Limitations in user manual)
==172156== brk segment overflow in thread #1: can't grow to 0x514b000
==172156== (see section Limitations in user manual)
==172156== brk segment overflow in thread #1: can't grow to 0x514b000
==172156== (see section Limitations in user manual)
==172156== brk segment overflow in thread #1: can't grow to 0x514b000
==172156== (see section Limitations in user manual)
==172156== brk segment overflow in thread #1: can't grow to 0x514b000
==172156== (see section Limitations in user manual)
==172156== brk segment overflow in thread #1: can't grow to 0x514b000
==172156== (see section Limitations in user manual)
==172156== brk segment overflow in thread #1: can't grow to 0x514b000
==172156== (see section Limitations in user manual)
==172156== brk segment overflow in thread #1: can't grow to 0x514b000
==172156== (see section Limitations in user manual)
==172156== brk segment overflow in thread #1: can't grow to 0x514b000
==172156== (see section Limitations in user manual)
==172156== brk segment overflow in thread #1: can't grow to 0x514b000
==172156== (see section Limitations in user manual)
==172156== brk segment overflow in thread #1: can't grow to 0x514b000
==172156== (see section Limitations in user manual)
==172156== brk segment overflow in thread #1: can't grow to 0x514b000
==172156== (see section Limitations in user manual)
==172156== brk segment overflow in thread #1: can't grow to 0x514b000
==172156== (see section Limitations in user manual)
==172156== brk segment overflow in thread #1: can't grow to 0x514b000
==172156== (see section Limitations in user manual)
==172156== brk segment overflow in thread #1: can't grow to 0x514b000
==172156== (see section Limitations in user manual)
==172156== brk segment overflow in thread #1: can't grow to 0x514b000
==172156== (see section Limitations in user manual)
==172156== brk segment overflow in thread #1: can't grow to 0x514b000
==172156== (see section Limitations in user manual)
==172156== brk segment overflow in thread #1: can't grow to 0x514b000
==172156== (see section Limitations in user manual)
==172156== brk segment overflow in thread #1: can't grow to 0x514b000
==172156== (see section Limitations in user manual)
==172156== brk segment overflow in thread #1: can't grow to 0x514b000
==172156== (see section Limitations in user manual)
==172156== brk segment overflow in thread #1: can't grow to 0x514b000
==172156== (see section Limitations in user manual)
==172156== brk segment overflow in thread #1: can't grow to 0x514b000
==172156== (see section Limitations in user manual)
==172156== brk segment overflow in thread #1: can't grow to 0x514b000
==172156== (see section Limitations in user manual)
==172156== brk segment overflow in thread #1: can't grow to 0x514b000
==172156== (see section Limitations in user manual)
==172156== brk segment overflow in thread #1: can't grow to 0x514b000
==172156== (see section Limitations in user manual)
==172156== brk segment overflow in thread #1: can't grow to 0x514b000
==172156== (see section Limitations in user manual)
==172156== brk segment overflow in thread #1: can't grow to 0x514b000
==172156== (see section Limitations in user manual)
==172156== brk segment overflow in thread #1: can't grow to 0x514b000
==172156== (see section Limitations in user manual)
==172156== brk segment overflow in thread #1: can't grow to 0x514b000
==172156== (see section Limitations in user manual)
==172156== brk segment overflow in thread #1: can't grow to 0x514b000
==172156== (see section Limitations in user manual)
==172156== brk segment overflow in thread #1: can't grow to 0x514b000
==172156== (see section Limitations in user manual)
==172156== brk segment overflow in thread #1: can't grow to 0x514b000
==172156== (see section Limitations in user manual)
==172156== brk segment overflow in thread #1: can't grow to 0x514b000
==172156== (see section Limitations in user manual)
==172156== brk segment overflow in thread #1: can't grow to 0x514b000
==172156== (see section Limitations in user manual)
==172156== brk segment overflow in thread #1: can't grow to 0x514b000
==172156== (see section Limitations in user manual)
==172156== brk segment overflow in thread #1: can't grow to 0x514b000
==172156== (see section Limitations in user manual)
==172156== brk segment overflow in thread #1: can't grow to 0x514b000
==172156== (see section Limitations in user manual)
==172156== brk segment overflow in thread #1: can't grow to 0x514b000
==172156== (see section Limitations in user manual)
==172156== brk segment overflow in thread #1: can't grow to 0x514b000
==172156== (see section Limitations in user manual)
==172156== brk segment overflow in thread #1: can't grow to 0x514b000
==172156== (see section Limitations in user manual)
==172156== brk segment overflow in thread #1: can't grow to 0x514b000
==172156== (see section Limitations in user manual)
==172156== brk segment overflow in thread #1: can't grow to 0x514b000
==172156== (see section Limitations in user manual)
==172156== brk segment overflow in thread #1: can't grow to 0x514b000
==172156== (see section Limitations in user manual)
==172156== brk segment overflow in thread #1: can't grow to 0x514b000
==172156== (see section Limitations in user manual)
==172156== brk segment overflow in thread #1: can't grow to 0x514b000
==172156== (see section Limitations in user manual)
==172156== brk segment overflow in thread #1: can't grow to 0x514b000
==172156== (see section Limitations in user manual)
==172156== brk segment overflow in thread #1: can't grow to 0x514b000
==172156== (see section Limitations in user manual)
==172156== 
==172156== Events    : Ir
==172156== Collected : 212651904447
==172156== 
==172156== I   refs:      212,651,904,447
