==99661== Callgrind, a call-graph generating cache profiler
==99661== Copyright (C) 2002-2015, and GNU GPL'd, by Josef Weidendorfer et al.
==99661== Using Valgrind-3.12.0.SVN and LibVEX; rerun with -h for copyright info
==99661== Command: /home/cunning/cvs/apps/ingest/src/Grib2toMdv/Grib2toMdv -params /home/cunning/git/MDV_64bit/research/fip/params/Grib2toMdv.hrrr-nat_ncep -f /d1/cunning/data/64-bit_mdv/fip/raw/20201103_i15_f003_HRRR-NCEP_wrfnat.grb2
==99661== Parent PID: 99660
==99661== 
==99661== For interactive control, run 'callgrind_control -h'.
==99661== brk segment overflow in thread #1: can't grow to 0x4a3a000
==99661== (see section Limitations in user manual)
==99661== brk segment overflow in thread #1: can't grow to 0x4a29000
==99661== (see section Limitations in user manual)
==99661== brk segment overflow in thread #1: can't grow to 0x4a3d000
==99661== (see section Limitations in user manual)
==99661== brk segment overflow in thread #1: can't grow to 0x4a2e000
==99661== (see section Limitations in user manual)
==99661== brk segment overflow in thread #1: can't grow to 0x4a47000
==99661== (see section Limitations in user manual)
==99661== brk segment overflow in thread #1: can't grow to 0x4a2e000
==99661== (see section Limitations in user manual)
==99661== brk segment overflow in thread #1: can't grow to 0x4a44000
==99661== (see section Limitations in user manual)
==99661== brk segment overflow in thread #1: can't grow to 0x4a48000
==99661== (see section Limitations in user manual)
==99661== brk segment overflow in thread #1: can't grow to 0x4a40000
==99661== (see section Limitations in user manual)
==99661== brk segment overflow in thread #1: can't grow to 0x4a42000
==99661== (see section Limitations in user manual)
==99661== brk segment overflow in thread #1: can't grow to 0x4a2a000
==99661== (see section Limitations in user manual)
==99661== brk segment overflow in thread #1: can't grow to 0x4a2e000
==99661== (see section Limitations in user manual)
==99661== brk segment overflow in thread #1: can't grow to 0x4a36000
==99661== (see section Limitations in user manual)
==99661== brk segment overflow in thread #1: can't grow to 0x4a34000
==99661== (see section Limitations in user manual)
==99661== brk segment overflow in thread #1: can't grow to 0x4a29000
==99661== (see section Limitations in user manual)
==99661== brk segment overflow in thread #1: can't grow to 0x4a29000
==99661== (see section Limitations in user manual)
==99661== brk segment overflow in thread #1: can't grow to 0x4a3f000
==99661== (see section Limitations in user manual)
==99661== brk segment overflow in thread #1: can't grow to 0x4a38000
==99661== (see section Limitations in user manual)
==99661== brk segment overflow in thread #1: can't grow to 0x4a31000
==99661== (see section Limitations in user manual)
==99661== brk segment overflow in thread #1: can't grow to 0x4a30000
==99661== (see section Limitations in user manual)
==99661== brk segment overflow in thread #1: can't grow to 0x4a35000
==99661== (see section Limitations in user manual)
==99661== brk segment overflow in thread #1: can't grow to 0x516d000
==99661== (see section Limitations in user manual)
==99661== brk segment overflow in thread #1: can't grow to 0x516d000
==99661== (see section Limitations in user manual)
==99661== brk segment overflow in thread #1: can't grow to 0x5ff6000
==99661== (see section Limitations in user manual)
==99661== brk segment overflow in thread #1: can't grow to 0x5ff6000
==99661== (see section Limitations in user manual)
==99661== brk segment overflow in thread #1: can't grow to 0x5ff6000
==99661== (see section Limitations in user manual)
==99661== brk segment overflow in thread #1: can't grow to 0x5ff6000
==99661== (see section Limitations in user manual)
==99661== brk segment overflow in thread #1: can't grow to 0x4f9c000
==99661== (see section Limitations in user manual)
==99661== brk segment overflow in thread #1: can't grow to 0x4bfa000
==99661== (see section Limitations in user manual)
==99661== brk segment overflow in thread #1: can't grow to 0x4bfa000
==99661== (see section Limitations in user manual)
==99661== brk segment overflow in thread #1: can't grow to 0x4bfa000
==99661== (see section Limitations in user manual)
==99661== brk segment overflow in thread #1: can't grow to 0x4bfa000
==99661== (see section Limitations in user manual)
==99661== brk segment overflow in thread #1: can't grow to 0x4bfa000
==99661== (see section Limitations in user manual)
==99661== brk segment overflow in thread #1: can't grow to 0x4bfa000
==99661== (see section Limitations in user manual)
==99661== brk segment overflow in thread #1: can't grow to 0x4bfa000
==99661== (see section Limitations in user manual)
==99661== brk segment overflow in thread #1: can't grow to 0x4bfa000
==99661== (see section Limitations in user manual)
==99661== brk segment overflow in thread #1: can't grow to 0x4bfa000
==99661== (see section Limitations in user manual)
==99661== brk segment overflow in thread #1: can't grow to 0x4bfa000
==99661== (see section Limitations in user manual)
==99661== brk segment overflow in thread #1: can't grow to 0x4bfa000
==99661== (see section Limitations in user manual)
==99661== brk segment overflow in thread #1: can't grow to 0x4bfa000
==99661== (see section Limitations in user manual)
==99661== brk segment overflow in thread #1: can't grow to 0x4bfa000
==99661== (see section Limitations in user manual)
==99661== brk segment overflow in thread #1: can't grow to 0x4bfa000
==99661== (see section Limitations in user manual)
==99661== brk segment overflow in thread #1: can't grow to 0x4bfa000
==99661== (see section Limitations in user manual)
==99661== brk segment overflow in thread #1: can't grow to 0x4bfa000
==99661== (see section Limitations in user manual)
==99661== brk segment overflow in thread #1: can't grow to 0x4bfa000
==99661== (see section Limitations in user manual)
==99661== 
==99661== Events    : Ir
==99661== Collected : 821730973806
==99661== 
==99661== I   refs:      821,730,973,806
