==122634== Callgrind, a call-graph generating cache profiler
==122634== Copyright (C) 2002-2015, and GNU GPL'd, by Josef Weidendorfer et al.
==122634== Using Valgrind-3.12.0.SVN and LibVEX; rerun with -h for copyright info
==122634== Command: /home/cunning/git/ral-ifi-apps/pressure2flight/pressure2flight -params /home/cunning/git/MDV_64bit/research/fip/params/pressure2flight.hrrr -if /d1/cunning/data/64-bit_mdv/fip/mdv/fip_hrrr_pres/20201103/g_150000/20201103_g_150000_f_00010800.mdv.cf.nc
==122634== Parent PID: 99660
==122634== 
==122634== For interactive control, run 'callgrind_control -h'.
==122634== brk segment overflow in thread #1: can't grow to 0x4c2e000
==122634== (see section Limitations in user manual)
==122634== brk segment overflow in thread #1: can't grow to 0x4c4f000
==122634== (see section Limitations in user manual)
==122634== brk segment overflow in thread #1: can't grow to 0x4c4f000
==122634== (see section Limitations in user manual)
==122634== brk segment overflow in thread #1: can't grow to 0x4cbf000
==122634== (see section Limitations in user manual)
==122634== brk segment overflow in thread #1: can't grow to 0x4cea000
==122634== (see section Limitations in user manual)
==122634== brk segment overflow in thread #1: can't grow to 0x4d78000
==122634== (see section Limitations in user manual)
==122634== brk segment overflow in thread #1: can't grow to 0x4d3e000
==122634== (see section Limitations in user manual)
==122634== brk segment overflow in thread #1: can't grow to 0x4bc5000
==122634== (see section Limitations in user manual)
==122634== brk segment overflow in thread #1: can't grow to 0x4c2c000
==122634== (see section Limitations in user manual)
==122634== brk segment overflow in thread #1: can't grow to 0x4d66000
==122634== (see section Limitations in user manual)
==122634== brk segment overflow in thread #1: can't grow to 0x5124000
==122634== (see section Limitations in user manual)
==122634== 
==122634== Events    : Ir
==122634== Collected : 1129426719361
==122634== 
==122634== I   refs:      1,129,426,719,361
