==126724== Callgrind, a call-graph generating cache profiler
==126724== Copyright (C) 2002-2015, and GNU GPL'd, by Josef Weidendorfer et al.
==126724== Using Valgrind-3.12.0.SVN and LibVEX; rerun with -h for copyright info
==126724== Command: /home/cunning/cvs/apps/mdv_utils/src/MdvtoGrib2/MdvtoGrib2 -params /home/cunning/git/MDV_64bit/research/fip/params/MdvtoGrib2.fip_hrrr -file /d1/cunning/data/64-bit_mdv/fip/mdv/fip_hrrr_ice_cat/20201103/g_150000/20201103_g_150000_f_00010800.mdv.cf.nc
==126724== Parent PID: 99660
==126724== 
==126724== For interactive control, run 'callgrind_control -h'.
==126724== brk segment overflow in thread #1: can't grow to 0x4a37000
==126724== (see section Limitations in user manual)
==126724== brk segment overflow in thread #1: can't grow to 0x4beb000
==126724== (see section Limitations in user manual)
==126724== brk segment overflow in thread #1: can't grow to 0x4c39000
==126724== (see section Limitations in user manual)
==126724== brk segment overflow in thread #1: can't grow to 0x4cb9000
==126724== (see section Limitations in user manual)
==126724== brk segment overflow in thread #1: can't grow to 0x4d0f000
==126724== (see section Limitations in user manual)
==126724== brk segment overflow in thread #1: can't grow to 0x4cb8000
==126724== (see section Limitations in user manual)
==126724== brk segment overflow in thread #1: can't grow to 0x4ced000
==126724== (see section Limitations in user manual)
==126724== brk segment overflow in thread #1: can't grow to 0x4d1c000
==126724== (see section Limitations in user manual)
==126724== brk segment overflow in thread #1: can't grow to 0x50aa000
==126724== (see section Limitations in user manual)
==126724== brk segment overflow in thread #1: can't grow to 0x50aa000
==126724== (see section Limitations in user manual)
==126724== brk segment overflow in thread #1: can't grow to 0x50aa000
==126724== (see section Limitations in user manual)
==126724== brk segment overflow in thread #1: can't grow to 0x50aa000
==126724== (see section Limitations in user manual)
==126724== brk segment overflow in thread #1: can't grow to 0x4db0000
==126724== (see section Limitations in user manual)
==126724== brk segment overflow in thread #1: can't grow to 0x4db0000
==126724== (see section Limitations in user manual)
==126724== brk segment overflow in thread #1: can't grow to 0x50aa000
==126724== (see section Limitations in user manual)
==126724== brk segment overflow in thread #1: can't grow to 0x4e51000
==126724== (see section Limitations in user manual)
==126724== brk segment overflow in thread #1: can't grow to 0x4e51000
==126724== (see section Limitations in user manual)
==126724== brk segment overflow in thread #1: can't grow to 0x50aa000
==126724== (see section Limitations in user manual)
==126724== brk segment overflow in thread #1: can't grow to 0x4ec0000
==126724== (see section Limitations in user manual)
==126724== brk segment overflow in thread #1: can't grow to 0x4ec0000
==126724== (see section Limitations in user manual)
==126724== brk segment overflow in thread #1: can't grow to 0x50aa000
==126724== (see section Limitations in user manual)
==126724== brk segment overflow in thread #1: can't grow to 0x4f0b000
==126724== (see section Limitations in user manual)
==126724== brk segment overflow in thread #1: can't grow to 0x4f0b000
==126724== (see section Limitations in user manual)
==126724== brk segment overflow in thread #1: can't grow to 0x50aa000
==126724== (see section Limitations in user manual)
==126724== brk segment overflow in thread #1: can't grow to 0x4f2b000
==126724== (see section Limitations in user manual)
==126724== brk segment overflow in thread #1: can't grow to 0x50aa000
==126724== (see section Limitations in user manual)
==126724== brk segment overflow in thread #1: can't grow to 0x4f5e000
==126724== (see section Limitations in user manual)
==126724== brk segment overflow in thread #1: can't grow to 0x4f5e000
==126724== (see section Limitations in user manual)
==126724== brk segment overflow in thread #1: can't grow to 0x50aa000
==126724== (see section Limitations in user manual)
==126724== brk segment overflow in thread #1: can't grow to 0x4f97000
==126724== (see section Limitations in user manual)
==126724== brk segment overflow in thread #1: can't grow to 0x4f97000
==126724== (see section Limitations in user manual)
==126724== brk segment overflow in thread #1: can't grow to 0x50aa000
==126724== (see section Limitations in user manual)
==126724== brk segment overflow in thread #1: can't grow to 0x4fad000
==126724== (see section Limitations in user manual)
==126724== brk segment overflow in thread #1: can't grow to 0x50aa000
==126724== (see section Limitations in user manual)
==126724== brk segment overflow in thread #1: can't grow to 0x4ff1000
==126724== (see section Limitations in user manual)
==126724== brk segment overflow in thread #1: can't grow to 0x4ff1000
==126724== (see section Limitations in user manual)
==126724== brk segment overflow in thread #1: can't grow to 0x50aa000
==126724== (see section Limitations in user manual)
==126724== brk segment overflow in thread #1: can't grow to 0x5022000
==126724== (see section Limitations in user manual)
==126724== brk segment overflow in thread #1: can't grow to 0x5022000
==126724== (see section Limitations in user manual)
==126724== brk segment overflow in thread #1: can't grow to 0x50aa000
==126724== (see section Limitations in user manual)
==126724== brk segment overflow in thread #1: can't grow to 0x502e000
==126724== (see section Limitations in user manual)
==126724== brk segment overflow in thread #1: can't grow to 0x50aa000
==126724== (see section Limitations in user manual)
==126724== brk segment overflow in thread #1: can't grow to 0x5053000
==126724== (see section Limitations in user manual)
==126724== brk segment overflow in thread #1: can't grow to 0x5053000
==126724== (see section Limitations in user manual)
==126724== brk segment overflow in thread #1: can't grow to 0x50aa000
==126724== (see section Limitations in user manual)
==126724== brk segment overflow in thread #1: can't grow to 0x5064000
==126724== (see section Limitations in user manual)
==126724== brk segment overflow in thread #1: can't grow to 0x50aa000
==126724== (see section Limitations in user manual)
==126724== brk segment overflow in thread #1: can't grow to 0x5086000
==126724== (see section Limitations in user manual)
==126724== brk segment overflow in thread #1: can't grow to 0x5086000
==126724== (see section Limitations in user manual)
==126724== brk segment overflow in thread #1: can't grow to 0x50aa000
==126724== (see section Limitations in user manual)
==126724== brk segment overflow in thread #1: can't grow to 0x508a000
==126724== (see section Limitations in user manual)
==126724== brk segment overflow in thread #1: can't grow to 0x5099000
==126724== (see section Limitations in user manual)
==126724== brk segment overflow in thread #1: can't grow to 0x5099000
==126724== (see section Limitations in user manual)
==126724== brk segment overflow in thread #1: can't grow to 0x509a000
==126724== (see section Limitations in user manual)
==126724== brk segment overflow in thread #1: can't grow to 0x509a000
==126724== (see section Limitations in user manual)
==126724== brk segment overflow in thread #1: can't grow to 0x50a2000
==126724== (see section Limitations in user manual)
==126724== brk segment overflow in thread #1: can't grow to 0x50a2000
==126724== (see section Limitations in user manual)
==126724== brk segment overflow in thread #1: can't grow to 0x50a5000
==126724== (see section Limitations in user manual)
==126724== brk segment overflow in thread #1: can't grow to 0x50a5000
==126724== (see section Limitations in user manual)
==126724== brk segment overflow in thread #1: can't grow to 0x50a7000
==126724== (see section Limitations in user manual)
==126724== brk segment overflow in thread #1: can't grow to 0x50a7000
==126724== (see section Limitations in user manual)
==126724== brk segment overflow in thread #1: can't grow to 0x50a8000
==126724== (see section Limitations in user manual)
==126724== brk segment overflow in thread #1: can't grow to 0x50a8000
==126724== (see section Limitations in user manual)
==126724== brk segment overflow in thread #1: can't grow to 0x50a9000
==126724== (see section Limitations in user manual)
==126724== brk segment overflow in thread #1: can't grow to 0x50a9000
==126724== (see section Limitations in user manual)
==126724== brk segment overflow in thread #1: can't grow to 0x50a9000
==126724== (see section Limitations in user manual)
==126724== brk segment overflow in thread #1: can't grow to 0x50a9000
==126724== (see section Limitations in user manual)
==126724== brk segment overflow in thread #1: can't grow to 0x50aa000
==126724== (see section Limitations in user manual)
==126724== brk segment overflow in thread #1: can't grow to 0x50aa000
==126724== (see section Limitations in user manual)
==126724== brk segment overflow in thread #1: can't grow to 0x50aa000
==126724== (see section Limitations in user manual)
==126724== brk segment overflow in thread #1: can't grow to 0x50aa000
==126724== (see section Limitations in user manual)
==126724== brk segment overflow in thread #1: can't grow to 0x50aa000
==126724== (see section Limitations in user manual)
==126724== brk segment overflow in thread #1: can't grow to 0x50aa000
==126724== (see section Limitations in user manual)
==126724== brk segment overflow in thread #1: can't grow to 0x50aa000
==126724== (see section Limitations in user manual)
==126724== brk segment overflow in thread #1: can't grow to 0x50aa000
==126724== (see section Limitations in user manual)
==126724== brk segment overflow in thread #1: can't grow to 0x50aa000
==126724== (see section Limitations in user manual)
==126724== brk segment overflow in thread #1: can't grow to 0x50aa000
==126724== (see section Limitations in user manual)
==126724== brk segment overflow in thread #1: can't grow to 0x50aa000
==126724== (see section Limitations in user manual)
==126724== brk segment overflow in thread #1: can't grow to 0x50aa000
==126724== (see section Limitations in user manual)
==126724== brk segment overflow in thread #1: can't grow to 0x50aa000
==126724== (see section Limitations in user manual)
==126724== brk segment overflow in thread #1: can't grow to 0x50aa000
==126724== (see section Limitations in user manual)
==126724== brk segment overflow in thread #1: can't grow to 0x50aa000
==126724== (see section Limitations in user manual)
==126724== brk segment overflow in thread #1: can't grow to 0x50aa000
==126724== (see section Limitations in user manual)
==126724== brk segment overflow in thread #1: can't grow to 0x50aa000
==126724== (see section Limitations in user manual)
==126724== brk segment overflow in thread #1: can't grow to 0x50aa000
==126724== (see section Limitations in user manual)
==126724== brk segment overflow in thread #1: can't grow to 0x50aa000
==126724== (see section Limitations in user manual)
==126724== brk segment overflow in thread #1: can't grow to 0x50aa000
==126724== (see section Limitations in user manual)
==126724== brk segment overflow in thread #1: can't grow to 0x50aa000
==126724== (see section Limitations in user manual)
==126724== brk segment overflow in thread #1: can't grow to 0x50aa000
==126724== (see section Limitations in user manual)
==126724== brk segment overflow in thread #1: can't grow to 0x50aa000
==126724== (see section Limitations in user manual)
==126724== brk segment overflow in thread #1: can't grow to 0x50aa000
==126724== (see section Limitations in user manual)
==126724== brk segment overflow in thread #1: can't grow to 0x50aa000
==126724== (see section Limitations in user manual)
==126724== brk segment overflow in thread #1: can't grow to 0x50aa000
==126724== (see section Limitations in user manual)
==126724== brk segment overflow in thread #1: can't grow to 0x50aa000
==126724== (see section Limitations in user manual)
==126724== brk segment overflow in thread #1: can't grow to 0x50aa000
==126724== (see section Limitations in user manual)
==126724== brk segment overflow in thread #1: can't grow to 0x50aa000
==126724== (see section Limitations in user manual)
==126724== brk segment overflow in thread #1: can't grow to 0x50aa000
==126724== (see section Limitations in user manual)
==126724== brk segment overflow in thread #1: can't grow to 0x50aa000
==126724== (see section Limitations in user manual)
==126724== brk segment overflow in thread #1: can't grow to 0x50aa000
==126724== (see section Limitations in user manual)
==126724== brk segment overflow in thread #1: can't grow to 0x50aa000
==126724== (see section Limitations in user manual)
==126724== brk segment overflow in thread #1: can't grow to 0x50aa000
==126724== (see section Limitations in user manual)
==126724== brk segment overflow in thread #1: can't grow to 0x50aa000
==126724== (see section Limitations in user manual)
==126724== brk segment overflow in thread #1: can't grow to 0x50aa000
==126724== (see section Limitations in user manual)
==126724== brk segment overflow in thread #1: can't grow to 0x50aa000
==126724== (see section Limitations in user manual)
==126724== brk segment overflow in thread #1: can't grow to 0x50aa000
==126724== (see section Limitations in user manual)
==126724== brk segment overflow in thread #1: can't grow to 0x50aa000
==126724== (see section Limitations in user manual)
==126724== brk segment overflow in thread #1: can't grow to 0x50aa000
==126724== (see section Limitations in user manual)
==126724== brk segment overflow in thread #1: can't grow to 0x50aa000
==126724== (see section Limitations in user manual)
==126724== brk segment overflow in thread #1: can't grow to 0x50aa000
==126724== (see section Limitations in user manual)
==126724== brk segment overflow in thread #1: can't grow to 0x50aa000
==126724== (see section Limitations in user manual)
==126724== brk segment overflow in thread #1: can't grow to 0x50aa000
==126724== (see section Limitations in user manual)
==126724== brk segment overflow in thread #1: can't grow to 0x50aa000
==126724== (see section Limitations in user manual)
==126724== brk segment overflow in thread #1: can't grow to 0x50aa000
==126724== (see section Limitations in user manual)
==126724== brk segment overflow in thread #1: can't grow to 0x50aa000
==126724== (see section Limitations in user manual)
==126724== brk segment overflow in thread #1: can't grow to 0x50aa000
==126724== (see section Limitations in user manual)
==126724== brk segment overflow in thread #1: can't grow to 0x50aa000
==126724== (see section Limitations in user manual)
==126724== brk segment overflow in thread #1: can't grow to 0x50aa000
==126724== (see section Limitations in user manual)
==126724== brk segment overflow in thread #1: can't grow to 0x50aa000
==126724== (see section Limitations in user manual)
==126724== brk segment overflow in thread #1: can't grow to 0x50aa000
==126724== (see section Limitations in user manual)
==126724== brk segment overflow in thread #1: can't grow to 0x50aa000
==126724== (see section Limitations in user manual)
==126724== brk segment overflow in thread #1: can't grow to 0x50aa000
==126724== (see section Limitations in user manual)
==126724== brk segment overflow in thread #1: can't grow to 0x50aa000
==126724== (see section Limitations in user manual)
==126724== brk segment overflow in thread #1: can't grow to 0x50aa000
==126724== (see section Limitations in user manual)
==126724== brk segment overflow in thread #1: can't grow to 0x50aa000
==126724== (see section Limitations in user manual)
==126724== brk segment overflow in thread #1: can't grow to 0x50aa000
==126724== (see section Limitations in user manual)
==126724== brk segment overflow in thread #1: can't grow to 0x50aa000
==126724== (see section Limitations in user manual)
==126724== brk segment overflow in thread #1: can't grow to 0x50aa000
==126724== (see section Limitations in user manual)
==126724== brk segment overflow in thread #1: can't grow to 0x50aa000
==126724== (see section Limitations in user manual)
==126724== brk segment overflow in thread #1: can't grow to 0x50aa000
==126724== (see section Limitations in user manual)
==126724== brk segment overflow in thread #1: can't grow to 0x50aa000
==126724== (see section Limitations in user manual)
==126724== brk segment overflow in thread #1: can't grow to 0x50aa000
==126724== (see section Limitations in user manual)
==126724== brk segment overflow in thread #1: can't grow to 0x50aa000
==126724== (see section Limitations in user manual)
==126724== brk segment overflow in thread #1: can't grow to 0x50aa000
==126724== (see section Limitations in user manual)
==126724== brk segment overflow in thread #1: can't grow to 0x50aa000
==126724== (see section Limitations in user manual)
==126724== brk segment overflow in thread #1: can't grow to 0x50aa000
==126724== (see section Limitations in user manual)
==126724== brk segment overflow in thread #1: can't grow to 0x50aa000
==126724== (see section Limitations in user manual)
==126724== brk segment overflow in thread #1: can't grow to 0x50aa000
==126724== (see section Limitations in user manual)
==126724== brk segment overflow in thread #1: can't grow to 0x50aa000
==126724== (see section Limitations in user manual)
==126724== brk segment overflow in thread #1: can't grow to 0x50aa000
==126724== (see section Limitations in user manual)
==126724== brk segment overflow in thread #1: can't grow to 0x50aa000
==126724== (see section Limitations in user manual)
==126724== brk segment overflow in thread #1: can't grow to 0x50aa000
==126724== (see section Limitations in user manual)
==126724== brk segment overflow in thread #1: can't grow to 0x50aa000
==126724== (see section Limitations in user manual)
==126724== brk segment overflow in thread #1: can't grow to 0x50aa000
==126724== (see section Limitations in user manual)
==126724== brk segment overflow in thread #1: can't grow to 0x50aa000
==126724== (see section Limitations in user manual)
==126724== brk segment overflow in thread #1: can't grow to 0x50aa000
==126724== (see section Limitations in user manual)
==126724== brk segment overflow in thread #1: can't grow to 0x50aa000
==126724== (see section Limitations in user manual)
==126724== brk segment overflow in thread #1: can't grow to 0x50aa000
==126724== (see section Limitations in user manual)
==126724== brk segment overflow in thread #1: can't grow to 0x50aa000
==126724== (see section Limitations in user manual)
==126724== brk segment overflow in thread #1: can't grow to 0x50aa000
==126724== (see section Limitations in user manual)
==126724== brk segment overflow in thread #1: can't grow to 0x50aa000
==126724== (see section Limitations in user manual)
==126724== brk segment overflow in thread #1: can't grow to 0x50aa000
==126724== (see section Limitations in user manual)
==126724== brk segment overflow in thread #1: can't grow to 0x50aa000
==126724== (see section Limitations in user manual)
==126724== brk segment overflow in thread #1: can't grow to 0x50aa000
==126724== (see section Limitations in user manual)
==126724== brk segment overflow in thread #1: can't grow to 0x50aa000
==126724== (see section Limitations in user manual)
==126724== brk segment overflow in thread #1: can't grow to 0x50aa000
==126724== (see section Limitations in user manual)
==126724== brk segment overflow in thread #1: can't grow to 0x50aa000
==126724== (see section Limitations in user manual)
==126724== brk segment overflow in thread #1: can't grow to 0x50aa000
==126724== (see section Limitations in user manual)
==126724== brk segment overflow in thread #1: can't grow to 0x50aa000
==126724== (see section Limitations in user manual)
==126724== brk segment overflow in thread #1: can't grow to 0x50aa000
==126724== (see section Limitations in user manual)
==126724== brk segment overflow in thread #1: can't grow to 0x50aa000
==126724== (see section Limitations in user manual)
==126724== brk segment overflow in thread #1: can't grow to 0x50aa000
==126724== (see section Limitations in user manual)
==126724== brk segment overflow in thread #1: can't grow to 0x50aa000
==126724== (see section Limitations in user manual)
==126724== brk segment overflow in thread #1: can't grow to 0x50aa000
==126724== (see section Limitations in user manual)
==126724== brk segment overflow in thread #1: can't grow to 0x50aa000
==126724== (see section Limitations in user manual)
==126724== brk segment overflow in thread #1: can't grow to 0x50aa000
==126724== (see section Limitations in user manual)
==126724== brk segment overflow in thread #1: can't grow to 0x50aa000
==126724== (see section Limitations in user manual)
==126724== brk segment overflow in thread #1: can't grow to 0x50aa000
==126724== (see section Limitations in user manual)
==126724== brk segment overflow in thread #1: can't grow to 0x50aa000
==126724== (see section Limitations in user manual)
==126724== brk segment overflow in thread #1: can't grow to 0x50aa000
==126724== (see section Limitations in user manual)
==126724== brk segment overflow in thread #1: can't grow to 0x50aa000
==126724== (see section Limitations in user manual)
==126724== brk segment overflow in thread #1: can't grow to 0x50aa000
==126724== (see section Limitations in user manual)
==126724== brk segment overflow in thread #1: can't grow to 0x50aa000
==126724== (see section Limitations in user manual)
==126724== brk segment overflow in thread #1: can't grow to 0x50aa000
==126724== (see section Limitations in user manual)
==126724== brk segment overflow in thread #1: can't grow to 0x50aa000
==126724== (see section Limitations in user manual)
==126724== brk segment overflow in thread #1: can't grow to 0x50aa000
==126724== (see section Limitations in user manual)
==126724== brk segment overflow in thread #1: can't grow to 0x50aa000
==126724== (see section Limitations in user manual)
==126724== brk segment overflow in thread #1: can't grow to 0x50aa000
==126724== (see section Limitations in user manual)
==126724== brk segment overflow in thread #1: can't grow to 0x50aa000
==126724== (see section Limitations in user manual)
==126724== brk segment overflow in thread #1: can't grow to 0x50aa000
==126724== (see section Limitations in user manual)
==126724== brk segment overflow in thread #1: can't grow to 0x50aa000
==126724== (see section Limitations in user manual)
==126724== brk segment overflow in thread #1: can't grow to 0x50aa000
==126724== (see section Limitations in user manual)
==126724== brk segment overflow in thread #1: can't grow to 0x50aa000
==126724== (see section Limitations in user manual)
==126724== brk segment overflow in thread #1: can't grow to 0x50aa000
==126724== (see section Limitations in user manual)
==126724== brk segment overflow in thread #1: can't grow to 0x50aa000
==126724== (see section Limitations in user manual)
==126724== brk segment overflow in thread #1: can't grow to 0x50aa000
==126724== (see section Limitations in user manual)
==126724== brk segment overflow in thread #1: can't grow to 0x50aa000
==126724== (see section Limitations in user manual)
==126724== brk segment overflow in thread #1: can't grow to 0x50aa000
==126724== (see section Limitations in user manual)
==126724== brk segment overflow in thread #1: can't grow to 0x50aa000
==126724== (see section Limitations in user manual)
==126724== brk segment overflow in thread #1: can't grow to 0x50aa000
==126724== (see section Limitations in user manual)
==126724== brk segment overflow in thread #1: can't grow to 0x50aa000
==126724== (see section Limitations in user manual)
==126724== brk segment overflow in thread #1: can't grow to 0x50aa000
==126724== (see section Limitations in user manual)
==126724== brk segment overflow in thread #1: can't grow to 0x50aa000
==126724== (see section Limitations in user manual)
==126724== brk segment overflow in thread #1: can't grow to 0x50aa000
==126724== (see section Limitations in user manual)
==126724== brk segment overflow in thread #1: can't grow to 0x50aa000
==126724== (see section Limitations in user manual)
==126724== brk segment overflow in thread #1: can't grow to 0x50aa000
==126724== (see section Limitations in user manual)
==126724== brk segment overflow in thread #1: can't grow to 0x50aa000
==126724== (see section Limitations in user manual)
==126724== brk segment overflow in thread #1: can't grow to 0x50aa000
==126724== (see section Limitations in user manual)
==126724== brk segment overflow in thread #1: can't grow to 0x50aa000
==126724== (see section Limitations in user manual)
==126724== brk segment overflow in thread #1: can't grow to 0x50aa000
==126724== (see section Limitations in user manual)
==126724== brk segment overflow in thread #1: can't grow to 0x50aa000
==126724== (see section Limitations in user manual)
==126724== brk segment overflow in thread #1: can't grow to 0x50aa000
==126724== (see section Limitations in user manual)
==126724== brk segment overflow in thread #1: can't grow to 0x50aa000
==126724== (see section Limitations in user manual)
==126724== brk segment overflow in thread #1: can't grow to 0x50aa000
==126724== (see section Limitations in user manual)
==126724== brk segment overflow in thread #1: can't grow to 0x50aa000
==126724== (see section Limitations in user manual)
==126724== brk segment overflow in thread #1: can't grow to 0x50aa000
==126724== (see section Limitations in user manual)
==126724== brk segment overflow in thread #1: can't grow to 0x50aa000
==126724== (see section Limitations in user manual)
==126724== brk segment overflow in thread #1: can't grow to 0x50aa000
==126724== (see section Limitations in user manual)
==126724== brk segment overflow in thread #1: can't grow to 0x50aa000
==126724== (see section Limitations in user manual)
==126724== brk segment overflow in thread #1: can't grow to 0x50aa000
==126724== (see section Limitations in user manual)
==126724== brk segment overflow in thread #1: can't grow to 0x50aa000
==126724== (see section Limitations in user manual)
==126724== brk segment overflow in thread #1: can't grow to 0x50aa000
==126724== (see section Limitations in user manual)
==126724== brk segment overflow in thread #1: can't grow to 0x50aa000
==126724== (see section Limitations in user manual)
==126724== brk segment overflow in thread #1: can't grow to 0x50aa000
==126724== (see section Limitations in user manual)
==126724== brk segment overflow in thread #1: can't grow to 0x50aa000
==126724== (see section Limitations in user manual)
==126724== brk segment overflow in thread #1: can't grow to 0x50aa000
==126724== (see section Limitations in user manual)
==126724== brk segment overflow in thread #1: can't grow to 0x50aa000
==126724== (see section Limitations in user manual)
==126724== brk segment overflow in thread #1: can't grow to 0x50aa000
==126724== (see section Limitations in user manual)
==126724== brk segment overflow in thread #1: can't grow to 0x50aa000
==126724== (see section Limitations in user manual)
==126724== brk segment overflow in thread #1: can't grow to 0x50aa000
==126724== (see section Limitations in user manual)
==126724== brk segment overflow in thread #1: can't grow to 0x50aa000
==126724== (see section Limitations in user manual)
==126724== brk segment overflow in thread #1: can't grow to 0x50aa000
==126724== (see section Limitations in user manual)
==126724== brk segment overflow in thread #1: can't grow to 0x50aa000
==126724== (see section Limitations in user manual)
==126724== brk segment overflow in thread #1: can't grow to 0x50aa000
==126724== (see section Limitations in user manual)
==126724== brk segment overflow in thread #1: can't grow to 0x50aa000
==126724== (see section Limitations in user manual)
==126724== brk segment overflow in thread #1: can't grow to 0x50aa000
==126724== (see section Limitations in user manual)
==126724== brk segment overflow in thread #1: can't grow to 0x50aa000
==126724== (see section Limitations in user manual)
==126724== 
==126724== Events    : Ir
==126724== Collected : 228144301123
==126724== 
==126724== I   refs:      228,144,301,123
