==104898== Callgrind, a call-graph generating cache profiler
==104898== Copyright (C) 2002-2015, and GNU GPL'd, by Josef Weidendorfer et al.
==104898== Using Valgrind-3.12.0.SVN and LibVEX; rerun with -h for copyright info
==104898== Command: /home/cunning/git/ral-ifi-apps/MdvDeriveModel/MdvDeriveModel -params /home/cunning/git/MDV_64bit/research/fip/params/MdvDeriveModel.hrrr -if /d1/cunning/data/64-bit_mdv/fip/mdv/hrrr_pres/20201103/g_150000/20201103_g_150000_f_00010800.mdv.cf.nc
==104898== Parent PID: 99660
==104898== 
==104898== For interactive control, run 'callgrind_control -h'.
==104898== brk segment overflow in thread #1: can't grow to 0x4d89000
==104898== (see section Limitations in user manual)
==104898== brk segment overflow in thread #1: can't grow to 0x4d92000
==104898== (see section Limitations in user manual)
==104898== brk segment overflow in thread #1: can't grow to 0x5c1b000
==104898== (see section Limitations in user manual)
==104898== brk segment overflow in thread #1: can't grow to 0x4d92000
==104898== (see section Limitations in user manual)
==104898== brk segment overflow in thread #1: can't grow to 0x4d92000
==104898== (see section Limitations in user manual)
==104898== brk segment overflow in thread #1: can't grow to 0x4d92000
==104898== (see section Limitations in user manual)
==104898== brk segment overflow in thread #1: can't grow to 0x4d92000
==104898== (see section Limitations in user manual)
==104898== brk segment overflow in thread #1: can't grow to 0x4d92000
==104898== (see section Limitations in user manual)
==104898== brk segment overflow in thread #1: can't grow to 0x5c1b000
==104898== (see section Limitations in user manual)
==104898== brk segment overflow in thread #1: can't grow to 0x5c1b000
==104898== (see section Limitations in user manual)
==104898== brk segment overflow in thread #1: can't grow to 0x5c1b000
==104898== (see section Limitations in user manual)
==104898== brk segment overflow in thread #1: can't grow to 0x4d92000
==104898== (see section Limitations in user manual)
==104898== brk segment overflow in thread #1: can't grow to 0x4d92000
==104898== (see section Limitations in user manual)
==104898== brk segment overflow in thread #1: can't grow to 0x4d92000
==104898== (see section Limitations in user manual)
==104898== brk segment overflow in thread #1: can't grow to 0x4d92000
==104898== (see section Limitations in user manual)
==104898== brk segment overflow in thread #1: can't grow to 0x4bc1000
==104898== (see section Limitations in user manual)
==104898== brk segment overflow in thread #1: can't grow to 0x5c1b000
==104898== (see section Limitations in user manual)
==104898== brk segment overflow in thread #1: can't grow to 0x5c1b000
==104898== (see section Limitations in user manual)
==104898== brk segment overflow in thread #1: can't grow to 0x4c03000
==104898== (see section Limitations in user manual)
==104898== brk segment overflow in thread #1: can't grow to 0x4c03000
==104898== (see section Limitations in user manual)
==104898== brk segment overflow in thread #1: can't grow to 0x4c03000
==104898== (see section Limitations in user manual)
==104898== brk segment overflow in thread #1: can't grow to 0x4c03000
==104898== (see section Limitations in user manual)
==104898== brk segment overflow in thread #1: can't grow to 0x4c03000
==104898== (see section Limitations in user manual)
==104898== brk segment overflow in thread #1: can't grow to 0x4c03000
==104898== (see section Limitations in user manual)
==104898== brk segment overflow in thread #1: can't grow to 0x4c03000
==104898== (see section Limitations in user manual)
==104898== brk segment overflow in thread #1: can't grow to 0x4c03000
==104898== (see section Limitations in user manual)
==104898== brk segment overflow in thread #1: can't grow to 0x4c03000
==104898== (see section Limitations in user manual)
==104898== brk segment overflow in thread #1: can't grow to 0x4c03000
==104898== (see section Limitations in user manual)
==104898== brk segment overflow in thread #1: can't grow to 0x4c03000
==104898== (see section Limitations in user manual)
==104898== brk segment overflow in thread #1: can't grow to 0x4c03000
==104898== (see section Limitations in user manual)
==104898== brk segment overflow in thread #1: can't grow to 0x4c03000
==104898== (see section Limitations in user manual)
==104898== brk segment overflow in thread #1: can't grow to 0x4c03000
==104898== (see section Limitations in user manual)
==104898== brk segment overflow in thread #1: can't grow to 0x4c03000
==104898== (see section Limitations in user manual)
==104898== brk segment overflow in thread #1: can't grow to 0x4c03000
==104898== (see section Limitations in user manual)
==104898== brk segment overflow in thread #1: can't grow to 0x4c03000
==104898== (see section Limitations in user manual)
==104898== brk segment overflow in thread #1: can't grow to 0x4c03000
==104898== (see section Limitations in user manual)
==104898== brk segment overflow in thread #1: can't grow to 0x4c03000
==104898== (see section Limitations in user manual)
==104898== brk segment overflow in thread #1: can't grow to 0x4c03000
==104898== (see section Limitations in user manual)
==104898== brk segment overflow in thread #1: can't grow to 0x4c03000
==104898== (see section Limitations in user manual)
==104898== brk segment overflow in thread #1: can't grow to 0x4c03000
==104898== (see section Limitations in user manual)
==104898== brk segment overflow in thread #1: can't grow to 0x4c03000
==104898== (see section Limitations in user manual)
==104898== brk segment overflow in thread #1: can't grow to 0x4c03000
==104898== (see section Limitations in user manual)
==104898== brk segment overflow in thread #1: can't grow to 0x4c03000
==104898== (see section Limitations in user manual)
==104898== brk segment overflow in thread #1: can't grow to 0x4c03000
==104898== (see section Limitations in user manual)
==104898== brk segment overflow in thread #1: can't grow to 0x4fa5000
==104898== (see section Limitations in user manual)
==104898== brk segment overflow in thread #1: can't grow to 0x4c03000
==104898== (see section Limitations in user manual)
==104898== brk segment overflow in thread #1: can't grow to 0x4c03000
==104898== (see section Limitations in user manual)
==104898== brk segment overflow in thread #1: can't grow to 0x4c03000
==104898== (see section Limitations in user manual)
==104898== brk segment overflow in thread #1: can't grow to 0x4c03000
==104898== (see section Limitations in user manual)
==104898== 
==104898== Events    : Ir
==104898== Collected : 3168996566159
==104898== 
==104898== I   refs:      3,168,996,566,159
