==101467== Callgrind, a call-graph generating cache profiler
==101467== Copyright (C) 2002-2015, and GNU GPL'd, by Josef Weidendorfer et al.
==101467== Using Valgrind-3.12.0.SVN and LibVEX; rerun with -h for copyright info
==101467== Command: /home/cunning/cvs/apps/rucApps/src/Hybrid2Pressure/Hybrid2Pressure -params /home/cunning/git/MDV_64bit/research/fip/params/Hybrid2Pressure.hrrr -if /d1/cunning/data/64-bit_mdv/fip/mdv/hrrr_nat/20201103/g_150000/20201103_g_150000_f_00010800.mdv.cf.nc
==101467== Parent PID: 99660
==101467== 
==101467== For interactive control, run 'callgrind_control -h'.
==101467== brk segment overflow in thread #1: can't grow to 0x4d05000
==101467== (see section Limitations in user manual)
==101467== brk segment overflow in thread #1: can't grow to 0x4b3e000
==101467== (see section Limitations in user manual)
==101467== brk segment overflow in thread #1: can't grow to 0x4a92000
==101467== (see section Limitations in user manual)
==101467== brk segment overflow in thread #1: can't grow to 0x4aef000
==101467== (see section Limitations in user manual)
==101467== brk segment overflow in thread #1: can't grow to 0x4dc0000
==101467== (see section Limitations in user manual)
==101467== brk segment overflow in thread #1: can't grow to 0x4da8000
==101467== (see section Limitations in user manual)
==101467== brk segment overflow in thread #1: can't grow to 0x4c83000
==101467== (see section Limitations in user manual)
==101467== brk segment overflow in thread #1: can't grow to 0x4dcd000
==101467== (see section Limitations in user manual)
==101467== brk segment overflow in thread #1: can't grow to 0x4d78000
==101467== (see section Limitations in user manual)
==101467== brk segment overflow in thread #1: can't grow to 0x4cb8000
==101467== (see section Limitations in user manual)
==101467== brk segment overflow in thread #1: can't grow to 0x4dc4000
==101467== (see section Limitations in user manual)
==101467== brk segment overflow in thread #1: can't grow to 0x4d96000
==101467== (see section Limitations in user manual)
==101467== brk segment overflow in thread #1: can't grow to 0x4ce7000
==101467== (see section Limitations in user manual)
==101467== brk segment overflow in thread #1: can't grow to 0x4ce4000
==101467== (see section Limitations in user manual)
==101467== brk segment overflow in thread #1: can't grow to 0x4d7d000
==101467== (see section Limitations in user manual)
==101467== brk segment overflow in thread #1: can't grow to 0x4d41000
==101467== (see section Limitations in user manual)
==101467== brk segment overflow in thread #1: can't grow to 0x4db1000
==101467== (see section Limitations in user manual)
==101467== brk segment overflow in thread #1: can't grow to 0x4cad000
==101467== (see section Limitations in user manual)
==101467== brk segment overflow in thread #1: can't grow to 0x4cb0000
==101467== (see section Limitations in user manual)
==101467== brk segment overflow in thread #1: can't grow to 0x4cd0000
==101467== (see section Limitations in user manual)
==101467== brk segment overflow in thread #1: can't grow to 0x4d70000
==101467== (see section Limitations in user manual)
==101467== brk segment overflow in thread #1: can't grow to 0x4d8c000
==101467== (see section Limitations in user manual)
==101467== brk segment overflow in thread #1: can't grow to 0x4dbb000
==101467== (see section Limitations in user manual)
==101467== brk segment overflow in thread #1: can't grow to 0x4ca6000
==101467== (see section Limitations in user manual)
==101467== brk segment overflow in thread #1: can't grow to 0x4d0f000
==101467== (see section Limitations in user manual)
==101467== brk segment overflow in thread #1: can't grow to 0x4f9f000
==101467== (see section Limitations in user manual)
==101467== brk segment overflow in thread #1: can't grow to 0x5170000
==101467== (see section Limitations in user manual)
==101467== brk segment overflow in thread #1: can't grow to 0x5170000
==101467== (see section Limitations in user manual)
==101467== brk segment overflow in thread #1: can't grow to 0x5170000
==101467== (see section Limitations in user manual)
==101467== brk segment overflow in thread #1: can't grow to 0x5170000
==101467== (see section Limitations in user manual)
==101467== brk segment overflow in thread #1: can't grow to 0x5170000
==101467== (see section Limitations in user manual)
==101467== brk segment overflow in thread #1: can't grow to 0x5170000
==101467== (see section Limitations in user manual)
==101467== brk segment overflow in thread #1: can't grow to 0x5170000
==101467== (see section Limitations in user manual)
==101467== brk segment overflow in thread #1: can't grow to 0x5170000
==101467== (see section Limitations in user manual)
==101467== 
==101467== Events    : Ir
==101467== Collected : 1830549403278
==101467== 
==101467== I   refs:      1,830,549,403,278
