==120017== Callgrind, a call-graph generating cache profiler
==120017== Copyright (C) 2002-2015, and GNU GPL'd, by Josef Weidendorfer et al.
==120017== Using Valgrind-3.12.0.SVN and LibVEX; rerun with -h for copyright info
==120017== Command: /home/cunning/git/ral-ifi-apps/fip_algo/fip_algo -params /home/cunning/git/MDV_64bit/research/fip/params/fip_algo.hrrr -if /d1/cunning/data/64-bit_mdv/fip/mdv/derived_hrrr_pres/20201103/g_150000/20201103_g_150000_f_00010800.mdv.cf.nc
==120017== Parent PID: 99660
==120017== 
==120017== For interactive control, run 'callgrind_control -h'.
==120017== brk segment overflow in thread #1: can't grow to 0x4c07000
==120017== (see section Limitations in user manual)
==120017== brk segment overflow in thread #1: can't grow to 0x4cdf000
==120017== (see section Limitations in user manual)
==120017== brk segment overflow in thread #1: can't grow to 0x4cd8000
==120017== (see section Limitations in user manual)
==120017== brk segment overflow in thread #1: can't grow to 0x4da1000
==120017== (see section Limitations in user manual)
==120017== brk segment overflow in thread #1: can't grow to 0x4d7d000
==120017== (see section Limitations in user manual)
==120017== brk segment overflow in thread #1: can't grow to 0x4d52000
==120017== (see section Limitations in user manual)
==120017== brk segment overflow in thread #1: can't grow to 0x4d3a000
==120017== (see section Limitations in user manual)
==120017== brk segment overflow in thread #1: can't grow to 0x4db7000
==120017== (see section Limitations in user manual)
==120017== brk segment overflow in thread #1: can't grow to 0x4d99000
==120017== (see section Limitations in user manual)
==120017== brk segment overflow in thread #1: can't grow to 0x4db0000
==120017== (see section Limitations in user manual)
==120017== brk segment overflow in thread #1: can't grow to 0x4d49000
==120017== (see section Limitations in user manual)
==120017== brk segment overflow in thread #1: can't grow to 0x4da2000
==120017== (see section Limitations in user manual)
==120017== brk segment overflow in thread #1: can't grow to 0x4d9f000
==120017== (see section Limitations in user manual)
==120017== brk segment overflow in thread #1: can't grow to 0x4c50000
==120017== (see section Limitations in user manual)
==120017== brk segment overflow in thread #1: can't grow to 0x4cc5000
==120017== (see section Limitations in user manual)
==120017== brk segment overflow in thread #1: can't grow to 0x4d56000
==120017== (see section Limitations in user manual)
==120017== brk segment overflow in thread #1: can't grow to 0x4d9b000
==120017== (see section Limitations in user manual)
==120017== brk segment overflow in thread #1: can't grow to 0x4d7d000
==120017== (see section Limitations in user manual)
==120017== brk segment overflow in thread #1: can't grow to 0x4d0f000
==120017== (see section Limitations in user manual)
==120017== brk segment overflow in thread #1: can't grow to 0x4c28000
==120017== (see section Limitations in user manual)
==120017== brk segment overflow in thread #1: can't grow to 0x4c2a000
==120017== (see section Limitations in user manual)
==120017== brk segment overflow in thread #1: can't grow to 0x4c20000
==120017== (see section Limitations in user manual)
==120017== brk segment overflow in thread #1: can't grow to 0x4d95000
==120017== (see section Limitations in user manual)
==120017== brk segment overflow in thread #1: can't grow to 0x4d5c000
==120017== (see section Limitations in user manual)
==120017== brk segment overflow in thread #1: can't grow to 0x4d32000
==120017== (see section Limitations in user manual)
==120017== brk segment overflow in thread #1: can't grow to 0x4d65000
==120017== (see section Limitations in user manual)
==120017== brk segment overflow in thread #1: can't grow to 0x4db9000
==120017== (see section Limitations in user manual)
==120017== brk segment overflow in thread #1: can't grow to 0x4d84000
==120017== (see section Limitations in user manual)
==120017== brk segment overflow in thread #1: can't grow to 0x4dbd000
==120017== (see section Limitations in user manual)
==120017== brk segment overflow in thread #1: can't grow to 0x4d5a000
==120017== (see section Limitations in user manual)
==120017== brk segment overflow in thread #1: can't grow to 0x4d8f000
==120017== (see section Limitations in user manual)
==120017== brk segment overflow in thread #1: can't grow to 0x4ce4000
==120017== (see section Limitations in user manual)
==120017== brk segment overflow in thread #1: can't grow to 0x4d6f000
==120017== (see section Limitations in user manual)
==120017== brk segment overflow in thread #1: can't grow to 0x4cbf000
==120017== (see section Limitations in user manual)
==120017== brk segment overflow in thread #1: can't grow to 0x4f90000
==120017== (see section Limitations in user manual)
==120017== brk segment overflow in thread #1: can't grow to 0x4f90000
==120017== (see section Limitations in user manual)
==120017== brk segment overflow in thread #1: can't grow to 0x4f90000
==120017== (see section Limitations in user manual)
==120017== brk segment overflow in thread #1: can't grow to 0x4d99000
==120017== (see section Limitations in user manual)
==120017== brk segment overflow in thread #1: can't grow to 0x4c74000
==120017== (see section Limitations in user manual)
==120017== brk segment overflow in thread #1: can't grow to 0x4a3e000
==120017== (see section Limitations in user manual)
==120017== brk segment overflow in thread #1: can't grow to 0x4a3e000
==120017== (see section Limitations in user manual)
==120017== brk segment overflow in thread #1: can't grow to 0x4a3e000
==120017== (see section Limitations in user manual)
==120017== brk segment overflow in thread #1: can't grow to 0x4a3e000
==120017== (see section Limitations in user manual)
==120017== brk segment overflow in thread #1: can't grow to 0x4a3e000
==120017== (see section Limitations in user manual)
==120017== brk segment overflow in thread #1: can't grow to 0x4a3e000
==120017== (see section Limitations in user manual)
==120017== brk segment overflow in thread #1: can't grow to 0x4a3e000
==120017== (see section Limitations in user manual)
==120017== brk segment overflow in thread #1: can't grow to 0x4a3e000
==120017== (see section Limitations in user manual)
==120017== brk segment overflow in thread #1: can't grow to 0x4a3e000
==120017== (see section Limitations in user manual)
==120017== brk segment overflow in thread #1: can't grow to 0x4a3e000
==120017== (see section Limitations in user manual)
==120017== brk segment overflow in thread #1: can't grow to 0x4a3e000
==120017== (see section Limitations in user manual)
==120017== brk segment overflow in thread #1: can't grow to 0x4a3e000
==120017== (see section Limitations in user manual)
==120017== brk segment overflow in thread #1: can't grow to 0x4a3e000
==120017== (see section Limitations in user manual)
==120017== brk segment overflow in thread #1: can't grow to 0x4a3e000
==120017== (see section Limitations in user manual)
==120017== brk segment overflow in thread #1: can't grow to 0x4a3e000
==120017== (see section Limitations in user manual)
==120017== brk segment overflow in thread #1: can't grow to 0x4a3e000
==120017== (see section Limitations in user manual)
==120017== brk segment overflow in thread #1: can't grow to 0x4a3e000
==120017== (see section Limitations in user manual)
==120017== brk segment overflow in thread #1: can't grow to 0x4a3e000
==120017== (see section Limitations in user manual)
==120017== brk segment overflow in thread #1: can't grow to 0x4a3e000
==120017== (see section Limitations in user manual)
==120017== brk segment overflow in thread #1: can't grow to 0x4a3e000
==120017== (see section Limitations in user manual)
==120017== brk segment overflow in thread #1: can't grow to 0x4a3e000
==120017== (see section Limitations in user manual)
==120017== brk segment overflow in thread #1: can't grow to 0x4a3e000
==120017== (see section Limitations in user manual)
==120017== brk segment overflow in thread #1: can't grow to 0x4a3e000
==120017== (see section Limitations in user manual)
==120017== brk segment overflow in thread #1: can't grow to 0x4a3e000
==120017== (see section Limitations in user manual)
==120017== brk segment overflow in thread #1: can't grow to 0x4a3e000
==120017== (see section Limitations in user manual)
==120017== brk segment overflow in thread #1: can't grow to 0x4a3e000
==120017== (see section Limitations in user manual)
==120017== brk segment overflow in thread #1: can't grow to 0x4a3e000
==120017== (see section Limitations in user manual)
==120017== brk segment overflow in thread #1: can't grow to 0x4a3e000
==120017== (see section Limitations in user manual)
==120017== brk segment overflow in thread #1: can't grow to 0x4a3e000
==120017== (see section Limitations in user manual)
==120017== brk segment overflow in thread #1: can't grow to 0x4a3e000
==120017== (see section Limitations in user manual)
==120017== brk segment overflow in thread #1: can't grow to 0x4a3e000
==120017== (see section Limitations in user manual)
==120017== brk segment overflow in thread #1: can't grow to 0x4a3e000
==120017== (see section Limitations in user manual)
==120017== brk segment overflow in thread #1: can't grow to 0x4a3e000
==120017== (see section Limitations in user manual)
==120017== brk segment overflow in thread #1: can't grow to 0x4a3e000
==120017== (see section Limitations in user manual)
==120017== brk segment overflow in thread #1: can't grow to 0x4a3e000
==120017== (see section Limitations in user manual)
==120017== brk segment overflow in thread #1: can't grow to 0x4a3e000
==120017== (see section Limitations in user manual)
==120017== brk segment overflow in thread #1: can't grow to 0x4a3e000
==120017== (see section Limitations in user manual)
==120017== brk segment overflow in thread #1: can't grow to 0x4a3e000
==120017== (see section Limitations in user manual)
==120017== brk segment overflow in thread #1: can't grow to 0x4a3e000
==120017== (see section Limitations in user manual)
==120017== brk segment overflow in thread #1: can't grow to 0x4a3e000
==120017== (see section Limitations in user manual)
==120017== brk segment overflow in thread #1: can't grow to 0x4a3e000
==120017== (see section Limitations in user manual)
==120017== brk segment overflow in thread #1: can't grow to 0x4a3e000
==120017== (see section Limitations in user manual)
==120017== brk segment overflow in thread #1: can't grow to 0x4a3e000
==120017== (see section Limitations in user manual)
==120017== brk segment overflow in thread #1: can't grow to 0x4a3e000
==120017== (see section Limitations in user manual)
==120017== brk segment overflow in thread #1: can't grow to 0x4a3e000
==120017== (see section Limitations in user manual)
==120017== brk segment overflow in thread #1: can't grow to 0x4a3e000
==120017== (see section Limitations in user manual)
==120017== brk segment overflow in thread #1: can't grow to 0x4a3e000
==120017== (see section Limitations in user manual)
==120017== brk segment overflow in thread #1: can't grow to 0x4a3e000
==120017== (see section Limitations in user manual)
==120017== brk segment overflow in thread #1: can't grow to 0x4a3e000
==120017== (see section Limitations in user manual)
==120017== brk segment overflow in thread #1: can't grow to 0x4a3e000
==120017== (see section Limitations in user manual)
==120017== brk segment overflow in thread #1: can't grow to 0x4a3e000
==120017== (see section Limitations in user manual)
==120017== brk segment overflow in thread #1: can't grow to 0x4a3e000
==120017== (see section Limitations in user manual)
==120017== brk segment overflow in thread #1: can't grow to 0x4a3e000
==120017== (see section Limitations in user manual)
==120017== brk segment overflow in thread #1: can't grow to 0x4a3e000
==120017== (see section Limitations in user manual)
==120017== brk segment overflow in thread #1: can't grow to 0x4a3e000
==120017== (see section Limitations in user manual)
==120017== brk segment overflow in thread #1: can't grow to 0x4a3e000
==120017== (see section Limitations in user manual)
==120017== brk segment overflow in thread #1: can't grow to 0x4a3e000
==120017== (see section Limitations in user manual)
==120017== brk segment overflow in thread #1: can't grow to 0x4a3e000
==120017== (see section Limitations in user manual)
==120017== brk segment overflow in thread #1: can't grow to 0x4a3e000
==120017== (see section Limitations in user manual)
==120017== brk segment overflow in thread #1: can't grow to 0x4a3e000
==120017== (see section Limitations in user manual)
==120017== brk segment overflow in thread #1: can't grow to 0x4a3e000
==120017== (see section Limitations in user manual)
==120017== brk segment overflow in thread #1: can't grow to 0x4a3e000
==120017== (see section Limitations in user manual)
==120017== brk segment overflow in thread #1: can't grow to 0x4a3e000
==120017== (see section Limitations in user manual)
==120017== brk segment overflow in thread #1: can't grow to 0x4a3e000
==120017== (see section Limitations in user manual)
==120017== brk segment overflow in thread #1: can't grow to 0x4a3e000
==120017== (see section Limitations in user manual)
==120017== brk segment overflow in thread #1: can't grow to 0x4a3e000
==120017== (see section Limitations in user manual)
==120017== brk segment overflow in thread #1: can't grow to 0x4a3e000
==120017== (see section Limitations in user manual)
==120017== brk segment overflow in thread #1: can't grow to 0x4a3e000
==120017== (see section Limitations in user manual)
==120017== brk segment overflow in thread #1: can't grow to 0x4a3e000
==120017== (see section Limitations in user manual)
==120017== brk segment overflow in thread #1: can't grow to 0x4a3e000
==120017== (see section Limitations in user manual)
==120017== brk segment overflow in thread #1: can't grow to 0x4a3e000
==120017== (see section Limitations in user manual)
==120017== brk segment overflow in thread #1: can't grow to 0x4a3e000
==120017== (see section Limitations in user manual)
==120017== brk segment overflow in thread #1: can't grow to 0x4a3e000
==120017== (see section Limitations in user manual)
==120017== brk segment overflow in thread #1: can't grow to 0x4a3e000
==120017== (see section Limitations in user manual)
==120017== brk segment overflow in thread #1: can't grow to 0x4a3e000
==120017== (see section Limitations in user manual)
==120017== brk segment overflow in thread #1: can't grow to 0x4a3e000
==120017== (see section Limitations in user manual)
==120017== brk segment overflow in thread #1: can't grow to 0x4a3e000
==120017== (see section Limitations in user manual)
==120017== brk segment overflow in thread #1: can't grow to 0x4a3e000
==120017== (see section Limitations in user manual)
==120017== brk segment overflow in thread #1: can't grow to 0x4a3e000
==120017== (see section Limitations in user manual)
==120017== brk segment overflow in thread #1: can't grow to 0x4a3e000
==120017== (see section Limitations in user manual)
==120017== brk segment overflow in thread #1: can't grow to 0x4a3e000
==120017== (see section Limitations in user manual)
==120017== brk segment overflow in thread #1: can't grow to 0x4a3e000
==120017== (see section Limitations in user manual)
==120017== brk segment overflow in thread #1: can't grow to 0x4a3e000
==120017== (see section Limitations in user manual)
==120017== brk segment overflow in thread #1: can't grow to 0x4a3e000
==120017== (see section Limitations in user manual)
==120017== brk segment overflow in thread #1: can't grow to 0x4a3e000
==120017== (see section Limitations in user manual)
==120017== brk segment overflow in thread #1: can't grow to 0x4a3e000
==120017== (see section Limitations in user manual)
==120017== brk segment overflow in thread #1: can't grow to 0x4a3e000
==120017== (see section Limitations in user manual)
==120017== brk segment overflow in thread #1: can't grow to 0x4a3e000
==120017== (see section Limitations in user manual)
==120017== brk segment overflow in thread #1: can't grow to 0x4a3e000
==120017== (see section Limitations in user manual)
==120017== brk segment overflow in thread #1: can't grow to 0x4a3e000
==120017== (see section Limitations in user manual)
==120017== brk segment overflow in thread #1: can't grow to 0x4a3e000
==120017== (see section Limitations in user manual)
==120017== brk segment overflow in thread #1: can't grow to 0x4a3e000
==120017== (see section Limitations in user manual)
==120017== brk segment overflow in thread #1: can't grow to 0x4a3e000
==120017== (see section Limitations in user manual)
==120017== brk segment overflow in thread #1: can't grow to 0x4a3e000
==120017== (see section Limitations in user manual)
==120017== brk segment overflow in thread #1: can't grow to 0x4a3e000
==120017== (see section Limitations in user manual)
==120017== brk segment overflow in thread #1: can't grow to 0x4a3e000
==120017== (see section Limitations in user manual)
==120017== brk segment overflow in thread #1: can't grow to 0x4abe000
==120017== (see section Limitations in user manual)
==120017== brk segment overflow in thread #1: can't grow to 0x4abe000
==120017== (see section Limitations in user manual)
==120017== brk segment overflow in thread #1: can't grow to 0x4c0f000
==120017== (see section Limitations in user manual)
==120017== brk segment overflow in thread #1: can't grow to 0x4c0f000
==120017== (see section Limitations in user manual)
==120017== brk segment overflow in thread #1: can't grow to 0x4c0f000
==120017== (see section Limitations in user manual)
==120017== brk segment overflow in thread #1: can't grow to 0x4c0f000
==120017== (see section Limitations in user manual)
==120017== brk segment overflow in thread #1: can't grow to 0x4c0f000
==120017== (see section Limitations in user manual)
==120017== brk segment overflow in thread #1: can't grow to 0x4c0f000
==120017== (see section Limitations in user manual)
==120017== brk segment overflow in thread #1: can't grow to 0x4c0f000
==120017== (see section Limitations in user manual)
==120017== brk segment overflow in thread #1: can't grow to 0x4c0f000
==120017== (see section Limitations in user manual)
==120017== brk segment overflow in thread #1: can't grow to 0x4c0f000
==120017== (see section Limitations in user manual)
==120017== brk segment overflow in thread #1: can't grow to 0x4c0f000
==120017== (see section Limitations in user manual)
==120017== 
==120017== Events    : Ir
==120017== Collected : 887823106641
==120017== 
==120017== I   refs:      887,823,106,641
